2021-08-27 09:38:44.382  INFO 9149 --- [restartedMain] c.example.demo.MovieServiceApplication   : Starting MovieServiceApplication using Java 11.0.11 on nilay-ThinkPad-L560 with PID 9149 (/home/nilay/eclipse-workspace/movie-service/target/classes started by nilay in /home/nilay/eclipse-workspace/movie-service)
2021-08-27 09:38:44.396  INFO 9149 --- [restartedMain] c.example.demo.MovieServiceApplication   : No active profile set, falling back to default profiles: default
2021-08-27 09:38:44.622  INFO 9149 --- [restartedMain] .e.DevToolsPropertyDefaultsPostProcessor : Devtools property defaults active! Set 'spring.devtools.add-properties' to 'false' to disable
2021-08-27 09:38:44.623  INFO 9149 --- [restartedMain] .e.DevToolsPropertyDefaultsPostProcessor : For additional web related logging consider setting the 'logging.level.web' property to 'DEBUG'
2021-08-27 09:38:46.440  INFO 9149 --- [restartedMain] .s.d.r.c.RepositoryConfigurationDelegate : Bootstrapping Spring Data JPA repositories in DEFAULT mode.
2021-08-27 09:38:46.502  INFO 9149 --- [restartedMain] .s.d.r.c.RepositoryConfigurationDelegate : Finished Spring Data repository scanning in 53 ms. Found 1 JPA repository interfaces.
2021-08-27 09:38:47.888  INFO 9149 --- [restartedMain] o.s.b.w.embedded.tomcat.TomcatWebServer  : Tomcat initialized with port(s): 3000 (http)
2021-08-27 09:38:47.899  INFO 9149 --- [restartedMain] o.apache.catalina.core.StandardService   : Starting service [Tomcat]
2021-08-27 09:38:47.900  INFO 9149 --- [restartedMain] org.apache.catalina.core.StandardEngine  : Starting Servlet engine: [Apache Tomcat/9.0.52]
2021-08-27 09:38:47.974  INFO 9149 --- [restartedMain] o.a.c.c.C.[Tomcat].[localhost].[/]       : Initializing Spring embedded WebApplicationContext
2021-08-27 09:38:47.974  INFO 9149 --- [restartedMain] w.s.c.ServletWebServerApplicationContext : Root WebApplicationContext: initialization completed in 3350 ms
2021-08-27 09:38:48.095  INFO 9149 --- [restartedMain] com.zaxxer.hikari.HikariDataSource       : HikariPool-1 - Starting...
2021-08-27 09:38:48.315  INFO 9149 --- [restartedMain] com.zaxxer.hikari.HikariDataSource       : HikariPool-1 - Start completed.
2021-08-27 09:38:48.327  INFO 9149 --- [restartedMain] o.s.b.a.h2.H2ConsoleAutoConfiguration    : H2 console available at '/h2-console'. Database available at 'jdbc:h2:mem:testDB'
2021-08-27 09:38:48.574  INFO 9149 --- [restartedMain] o.hibernate.jpa.internal.util.LogHelper  : HHH000204: Processing PersistenceUnitInfo [name: default]
2021-08-27 09:38:48.649  INFO 9149 --- [restartedMain] org.hibernate.Version                    : HHH000412: Hibernate ORM core version 5.4.32.Final
2021-08-27 09:38:49.109  INFO 9149 --- [restartedMain] o.hibernate.annotations.common.Version   : HCANN000001: Hibernate Commons Annotations {5.1.2.Final}
2021-08-27 09:38:49.299  INFO 9149 --- [restartedMain] org.hibernate.dialect.Dialect            : HHH000400: Using dialect: org.hibernate.dialect.H2Dialect
2021-08-27 09:38:50.826  INFO 9149 --- [restartedMain] o.h.e.t.j.p.i.JtaPlatformInitiator       : HHH000490: Using JtaPlatform implementation: [org.hibernate.engine.transaction.jta.platform.internal.NoJtaPlatform]
2021-08-27 09:38:50.835  INFO 9149 --- [restartedMain] j.LocalContainerEntityManagerFactoryBean : Initialized JPA EntityManagerFactory for persistence unit 'default'
2021-08-27 09:38:50.895  WARN 9149 --- [restartedMain] JpaBaseConfiguration$JpaWebConfiguration : spring.jpa.open-in-view is enabled by default. Therefore, database queries may be performed during view rendering. Explicitly configure spring.jpa.open-in-view to disable this warning
2021-08-27 09:38:52.113  INFO 9149 --- [restartedMain] o.s.b.d.a.OptionalLiveReloadServer       : LiveReload server is running on port 35729
2021-08-27 09:38:52.135  INFO 9149 --- [restartedMain] o.s.b.a.e.web.EndpointLinksResolver      : Exposing 14 endpoint(s) beneath base path '/actuator'
2021-08-27 09:38:52.177  INFO 9149 --- [RMI TCP Connection(3)-127.0.0.1] o.a.c.c.C.[Tomcat].[localhost].[/]       : Initializing Spring DispatcherServlet 'dispatcherServlet'
2021-08-27 09:38:52.180  INFO 9149 --- [RMI TCP Connection(3)-127.0.0.1] o.s.web.servlet.DispatcherServlet        : Initializing Servlet 'dispatcherServlet'
2021-08-27 09:38:52.183  INFO 9149 --- [RMI TCP Connection(3)-127.0.0.1] o.s.web.servlet.DispatcherServlet        : Completed initialization in 3 ms
2021-08-27 09:38:52.238  INFO 9149 --- [restartedMain] o.s.b.w.embedded.tomcat.TomcatWebServer  : Tomcat started on port(s): 3000 (http) with context path ''
2021-08-27 09:38:52.248  INFO 9149 --- [restartedMain] c.example.demo.MovieServiceApplication   : Started MovieServiceApplication in 8.844 seconds (JVM running for 10.263)
2021-08-27 09:40:37.444  INFO 9149 --- [RMI TCP Connection(12)-127.0.0.1] inMXBeanRegistrar$SpringApplicationAdmin : Application shutdown requested.
2021-08-27 09:40:37.470  INFO 9149 --- [RMI TCP Connection(12)-127.0.0.1] j.LocalContainerEntityManagerFactoryBean : Closing JPA EntityManagerFactory for persistence unit 'default'
2021-08-27 09:40:37.470  INFO 9149 --- [RMI TCP Connection(12)-127.0.0.1] .SchemaDropperImpl$DelayedDropActionImpl : HHH000477: Starting delayed evictData of schema as part of SessionFactory shut-down'
2021-08-27 09:40:37.690  WARN 9149 --- [RMI TCP Connection(12)-127.0.0.1] o.s.b.f.support.DisposableBeanAdapter    : Invocation of destroy method failed on bean with name 'inMemoryDatabaseShutdownExecutor': org.h2.jdbc.JdbcSQLNonTransientConnectionException: Database is already closed (to disable automatic closing at VM shutdown, add ";DB_CLOSE_ON_EXIT=FALSE" to the db URL) [90121-200]
2021-08-27 09:40:37.694  INFO 9149 --- [RMI TCP Connection(12)-127.0.0.1] com.zaxxer.hikari.HikariDataSource       : HikariPool-1 - Shutdown initiated...
2021-08-27 09:40:37.710  INFO 9149 --- [RMI TCP Connection(12)-127.0.0.1] com.zaxxer.hikari.HikariDataSource       : HikariPool-1 - Shutdown completed.
2021-08-27 09:57:43.801  INFO 10907 --- [restartedMain] c.example.demo.MovieServiceApplication   : Starting MovieServiceApplication using Java 11.0.11 on nilay-ThinkPad-L560 with PID 10907 (/home/nilay/eclipse-workspace/movie-service/target/classes started by nilay in /home/nilay/eclipse-workspace/movie-service)
2021-08-27 09:57:43.804  INFO 10907 --- [restartedMain] c.example.demo.MovieServiceApplication   : No active profile set, falling back to default profiles: default
2021-08-27 09:57:43.866  INFO 10907 --- [restartedMain] .e.DevToolsPropertyDefaultsPostProcessor : Devtools property defaults active! Set 'spring.devtools.add-properties' to 'false' to disable
2021-08-27 09:57:43.867  INFO 10907 --- [restartedMain] .e.DevToolsPropertyDefaultsPostProcessor : For additional web related logging consider setting the 'logging.level.web' property to 'DEBUG'
2021-08-27 09:57:45.093  INFO 10907 --- [restartedMain] .s.d.r.c.RepositoryConfigurationDelegate : Bootstrapping Spring Data JPA repositories in DEFAULT mode.
2021-08-27 09:57:45.141  INFO 10907 --- [restartedMain] .s.d.r.c.RepositoryConfigurationDelegate : Finished Spring Data repository scanning in 39 ms. Found 1 JPA repository interfaces.
2021-08-27 09:57:45.722  INFO 10907 --- [restartedMain] o.s.b.w.embedded.tomcat.TomcatWebServer  : Tomcat initialized with port(s): 3000 (http)
2021-08-27 09:57:45.732  INFO 10907 --- [restartedMain] o.apache.catalina.core.StandardService   : Starting service [Tomcat]
2021-08-27 09:57:45.733  INFO 10907 --- [restartedMain] org.apache.catalina.core.StandardEngine  : Starting Servlet engine: [Apache Tomcat/9.0.52]
2021-08-27 09:57:45.845  INFO 10907 --- [restartedMain] o.a.c.c.C.[Tomcat].[localhost].[/]       : Initializing Spring embedded WebApplicationContext
2021-08-27 09:57:45.846  INFO 10907 --- [restartedMain] w.s.c.ServletWebServerApplicationContext : Root WebApplicationContext: initialization completed in 1978 ms
2021-08-27 09:57:45.965  INFO 10907 --- [restartedMain] com.zaxxer.hikari.HikariDataSource       : HikariPool-1 - Starting...
2021-08-27 09:57:46.158  INFO 10907 --- [restartedMain] com.zaxxer.hikari.HikariDataSource       : HikariPool-1 - Start completed.
2021-08-27 09:57:46.166  INFO 10907 --- [restartedMain] o.s.b.a.h2.H2ConsoleAutoConfiguration    : H2 console available at '/h2-console'. Database available at 'jdbc:h2:mem:testDB'
2021-08-27 09:57:46.342  INFO 10907 --- [restartedMain] o.hibernate.jpa.internal.util.LogHelper  : HHH000204: Processing PersistenceUnitInfo [name: default]
2021-08-27 09:57:46.392  INFO 10907 --- [restartedMain] org.hibernate.Version                    : HHH000412: Hibernate ORM core version 5.4.32.Final
2021-08-27 09:57:46.521  INFO 10907 --- [restartedMain] o.hibernate.annotations.common.Version   : HCANN000001: Hibernate Commons Annotations {5.1.2.Final}
2021-08-27 09:57:46.644  INFO 10907 --- [restartedMain] org.hibernate.dialect.Dialect            : HHH000400: Using dialect: org.hibernate.dialect.H2Dialect
2021-08-27 09:57:47.245  INFO 10907 --- [restartedMain] o.h.e.t.j.p.i.JtaPlatformInitiator       : HHH000490: Using JtaPlatform implementation: [org.hibernate.engine.transaction.jta.platform.internal.NoJtaPlatform]
2021-08-27 09:57:47.255  INFO 10907 --- [restartedMain] j.LocalContainerEntityManagerFactoryBean : Initialized JPA EntityManagerFactory for persistence unit 'default'
2021-08-27 09:57:47.650  WARN 10907 --- [restartedMain] JpaBaseConfiguration$JpaWebConfiguration : spring.jpa.open-in-view is enabled by default. Therefore, database queries may be performed during view rendering. Explicitly configure spring.jpa.open-in-view to disable this warning
2021-08-27 09:57:48.174  INFO 10907 --- [restartedMain] o.s.b.d.a.OptionalLiveReloadServer       : LiveReload server is running on port 35729
2021-08-27 09:57:48.182  INFO 10907 --- [restartedMain] o.s.b.a.e.web.EndpointLinksResolver      : Exposing 14 endpoint(s) beneath base path '/actuator'
2021-08-27 09:57:48.227  INFO 10907 --- [restartedMain] o.s.b.w.embedded.tomcat.TomcatWebServer  : Tomcat started on port(s): 3000 (http) with context path ''
2021-08-27 09:57:48.246  INFO 10907 --- [restartedMain] c.example.demo.MovieServiceApplication   : Started MovieServiceApplication in 4.866 seconds (JVM running for 5.835)
2021-08-27 09:57:49.025  INFO 10907 --- [RMI TCP Connection(3)-127.0.0.1] o.a.c.c.C.[Tomcat].[localhost].[/]       : Initializing Spring DispatcherServlet 'dispatcherServlet'
2021-08-27 09:57:49.026  INFO 10907 --- [RMI TCP Connection(3)-127.0.0.1] o.s.web.servlet.DispatcherServlet        : Initializing Servlet 'dispatcherServlet'
2021-08-27 09:57:49.028  INFO 10907 --- [RMI TCP Connection(3)-127.0.0.1] o.s.web.servlet.DispatcherServlet        : Completed initialization in 2 ms
2021-08-27 10:01:14.305  WARN 10907 --- [http-nio-3000-exec-10] .w.s.m.s.DefaultHandlerExceptionResolver : Resolved [org.springframework.web.bind.MethodArgumentNotValidException: Validation failed for argument [0] in public org.springframework.http.ResponseEntity<com.example.demo.ui.MovieResponseEntity> com.example.demo.controller.MovieController.createMovie(com.example.demo.ui.MovieRequestEntity): [Field error in object 'movieRequestEntity' on field 'movieName': rejected value [harry porter]; codes [Length.movieRequestEntity.movieName,Length.movieName,Length.java.lang.String,Length]; arguments [org.springframework.context.support.DefaultMessageSourceResolvable: codes [movieRequestEntity.movieName,movieName]; arguments []; default message [movieName],10,3]; default message [length of the movie must be between 3-10]] ]
2021-08-27 10:03:21.378  INFO 10907 --- [RMI TCP Connection(16)-127.0.0.1] inMXBeanRegistrar$SpringApplicationAdmin : Application shutdown requested.
2021-08-27 10:03:21.437  INFO 10907 --- [RMI TCP Connection(16)-127.0.0.1] j.LocalContainerEntityManagerFactoryBean : Closing JPA EntityManagerFactory for persistence unit 'default'
2021-08-27 10:03:21.438  INFO 10907 --- [RMI TCP Connection(16)-127.0.0.1] .SchemaDropperImpl$DelayedDropActionImpl : HHH000477: Starting delayed evictData of schema as part of SessionFactory shut-down'
2021-08-27 10:03:21.656  WARN 10907 --- [RMI TCP Connection(16)-127.0.0.1] o.s.b.f.support.DisposableBeanAdapter    : Invocation of destroy method failed on bean with name 'inMemoryDatabaseShutdownExecutor': org.h2.jdbc.JdbcSQLNonTransientConnectionException: Database is already closed (to disable automatic closing at VM shutdown, add ";DB_CLOSE_ON_EXIT=FALSE" to the db URL) [90121-200]
2021-08-27 10:03:21.672  INFO 10907 --- [RMI TCP Connection(16)-127.0.0.1] com.zaxxer.hikari.HikariDataSource       : HikariPool-1 - Shutdown initiated...
2021-08-27 10:03:21.682  INFO 10907 --- [RMI TCP Connection(16)-127.0.0.1] com.zaxxer.hikari.HikariDataSource       : HikariPool-1 - Shutdown completed.
2021-08-27 10:03:31.020  INFO 11441 --- [restartedMain] c.example.demo.MovieServiceApplication   : Starting MovieServiceApplication using Java 11.0.11 on nilay-ThinkPad-L560 with PID 11441 (/home/nilay/eclipse-workspace/movie-service/target/classes started by nilay in /home/nilay/eclipse-workspace/movie-service)
2021-08-27 10:03:31.024  INFO 11441 --- [restartedMain] c.example.demo.MovieServiceApplication   : No active profile set, falling back to default profiles: default
2021-08-27 10:03:31.099  INFO 11441 --- [restartedMain] .e.DevToolsPropertyDefaultsPostProcessor : Devtools property defaults active! Set 'spring.devtools.add-properties' to 'false' to disable
2021-08-27 10:03:31.099  INFO 11441 --- [restartedMain] .e.DevToolsPropertyDefaultsPostProcessor : For additional web related logging consider setting the 'logging.level.web' property to 'DEBUG'
2021-08-27 10:03:32.338  INFO 11441 --- [restartedMain] .s.d.r.c.RepositoryConfigurationDelegate : Bootstrapping Spring Data JPA repositories in DEFAULT mode.
2021-08-27 10:03:32.395  INFO 11441 --- [restartedMain] .s.d.r.c.RepositoryConfigurationDelegate : Finished Spring Data repository scanning in 46 ms. Found 1 JPA repository interfaces.
2021-08-27 10:03:33.109  INFO 11441 --- [restartedMain] o.s.b.w.embedded.tomcat.TomcatWebServer  : Tomcat initialized with port(s): 3000 (http)
2021-08-27 10:03:33.120  INFO 11441 --- [restartedMain] o.apache.catalina.core.StandardService   : Starting service [Tomcat]
2021-08-27 10:03:33.121  INFO 11441 --- [restartedMain] org.apache.catalina.core.StandardEngine  : Starting Servlet engine: [Apache Tomcat/9.0.52]
2021-08-27 10:03:33.194  INFO 11441 --- [restartedMain] o.a.c.c.C.[Tomcat].[localhost].[/]       : Initializing Spring embedded WebApplicationContext
2021-08-27 10:03:33.194  INFO 11441 --- [restartedMain] w.s.c.ServletWebServerApplicationContext : Root WebApplicationContext: initialization completed in 2094 ms
2021-08-27 10:03:33.312  INFO 11441 --- [restartedMain] com.zaxxer.hikari.HikariDataSource       : HikariPool-1 - Starting...
2021-08-27 10:03:33.525  INFO 11441 --- [restartedMain] com.zaxxer.hikari.HikariDataSource       : HikariPool-1 - Start completed.
2021-08-27 10:03:33.534  INFO 11441 --- [restartedMain] o.s.b.a.h2.H2ConsoleAutoConfiguration    : H2 console available at '/h2-console'. Database available at 'jdbc:h2:mem:testDB'
2021-08-27 10:03:33.729  INFO 11441 --- [restartedMain] o.hibernate.jpa.internal.util.LogHelper  : HHH000204: Processing PersistenceUnitInfo [name: default]
2021-08-27 10:03:33.788  INFO 11441 --- [restartedMain] org.hibernate.Version                    : HHH000412: Hibernate ORM core version 5.4.32.Final
2021-08-27 10:03:33.932  INFO 11441 --- [restartedMain] o.hibernate.annotations.common.Version   : HCANN000001: Hibernate Commons Annotations {5.1.2.Final}
2021-08-27 10:03:34.077  INFO 11441 --- [restartedMain] org.hibernate.dialect.Dialect            : HHH000400: Using dialect: org.hibernate.dialect.H2Dialect
2021-08-27 10:03:34.793  INFO 11441 --- [restartedMain] o.h.e.t.j.p.i.JtaPlatformInitiator       : HHH000490: Using JtaPlatform implementation: [org.hibernate.engine.transaction.jta.platform.internal.NoJtaPlatform]
2021-08-27 10:03:34.802  INFO 11441 --- [restartedMain] j.LocalContainerEntityManagerFactoryBean : Initialized JPA EntityManagerFactory for persistence unit 'default'
2021-08-27 10:03:35.237  WARN 11441 --- [restartedMain] JpaBaseConfiguration$JpaWebConfiguration : spring.jpa.open-in-view is enabled by default. Therefore, database queries may be performed during view rendering. Explicitly configure spring.jpa.open-in-view to disable this warning
2021-08-27 10:03:35.832  INFO 11441 --- [restartedMain] o.s.b.d.a.OptionalLiveReloadServer       : LiveReload server is running on port 35729
2021-08-27 10:03:35.843  INFO 11441 --- [restartedMain] o.s.b.a.e.web.EndpointLinksResolver      : Exposing 14 endpoint(s) beneath base path '/actuator'
2021-08-27 10:03:35.907  INFO 11441 --- [restartedMain] o.s.b.w.embedded.tomcat.TomcatWebServer  : Tomcat started on port(s): 3000 (http) with context path ''
2021-08-27 10:03:35.918  INFO 11441 --- [restartedMain] c.example.demo.MovieServiceApplication   : Started MovieServiceApplication in 5.342 seconds (JVM running for 6.287)
2021-08-27 10:03:35.955  INFO 11441 --- [RMI TCP Connection(3)-127.0.0.1] o.a.c.c.C.[Tomcat].[localhost].[/]       : Initializing Spring DispatcherServlet 'dispatcherServlet'
2021-08-27 10:03:35.956  INFO 11441 --- [RMI TCP Connection(3)-127.0.0.1] o.s.web.servlet.DispatcherServlet        : Initializing Servlet 'dispatcherServlet'
2021-08-27 10:03:35.958  INFO 11441 --- [RMI TCP Connection(3)-127.0.0.1] o.s.web.servlet.DispatcherServlet        : Completed initialization in 2 ms
2021-08-27 10:04:16.806  INFO 11441 --- [RMI TCP Connection(11)-127.0.0.1] inMXBeanRegistrar$SpringApplicationAdmin : Application shutdown requested.
2021-08-27 10:04:16.837  INFO 11441 --- [RMI TCP Connection(11)-127.0.0.1] j.LocalContainerEntityManagerFactoryBean : Closing JPA EntityManagerFactory for persistence unit 'default'
2021-08-27 10:04:16.838  INFO 11441 --- [RMI TCP Connection(11)-127.0.0.1] .SchemaDropperImpl$DelayedDropActionImpl : HHH000477: Starting delayed evictData of schema as part of SessionFactory shut-down'
2021-08-27 10:04:17.059  WARN 11441 --- [RMI TCP Connection(11)-127.0.0.1] o.s.b.f.support.DisposableBeanAdapter    : Invocation of destroy method failed on bean with name 'inMemoryDatabaseShutdownExecutor': org.h2.jdbc.JdbcSQLNonTransientConnectionException: Database is already closed (to disable automatic closing at VM shutdown, add ";DB_CLOSE_ON_EXIT=FALSE" to the db URL) [90121-200]
2021-08-27 10:04:17.069  INFO 11441 --- [RMI TCP Connection(11)-127.0.0.1] com.zaxxer.hikari.HikariDataSource       : HikariPool-1 - Shutdown initiated...
2021-08-27 10:04:17.109  INFO 11441 --- [RMI TCP Connection(11)-127.0.0.1] com.zaxxer.hikari.HikariDataSource       : HikariPool-1 - Shutdown completed.
2021-08-27 10:04:52.732  INFO 11586 --- [main] c.e.demo.MovieServiceApplicationTests    : Starting MovieServiceApplicationTests using Java 11.0.11 on nilay-ThinkPad-L560 with PID 11586 (started by nilay in /home/nilay/eclipse-workspace/movie-service)
2021-08-27 10:04:52.750  INFO 11586 --- [main] c.e.demo.MovieServiceApplicationTests    : No active profile set, falling back to default profiles: default
2021-08-27 10:04:55.334  INFO 11586 --- [main] .s.d.r.c.RepositoryConfigurationDelegate : Bootstrapping Spring Data JPA repositories in DEFAULT mode.
2021-08-27 10:04:55.441  INFO 11586 --- [main] .s.d.r.c.RepositoryConfigurationDelegate : Finished Spring Data repository scanning in 90 ms. Found 1 JPA repository interfaces.
2021-08-27 10:04:56.695  INFO 11586 --- [main] com.zaxxer.hikari.HikariDataSource       : HikariPool-1 - Starting...
2021-08-27 10:04:57.315  INFO 11586 --- [main] com.zaxxer.hikari.HikariDataSource       : HikariPool-1 - Start completed.
2021-08-27 10:04:57.463  INFO 11586 --- [main] o.hibernate.jpa.internal.util.LogHelper  : HHH000204: Processing PersistenceUnitInfo [name: default]
2021-08-27 10:04:57.629  INFO 11586 --- [main] org.hibernate.Version                    : HHH000412: Hibernate ORM core version 5.4.32.Final
2021-08-27 10:04:57.923  INFO 11586 --- [main] o.hibernate.annotations.common.Version   : HCANN000001: Hibernate Commons Annotations {5.1.2.Final}
2021-08-27 10:04:58.275  INFO 11586 --- [main] org.hibernate.dialect.Dialect            : HHH000400: Using dialect: org.hibernate.dialect.H2Dialect
2021-08-27 10:04:59.938  INFO 11586 --- [main] o.h.e.t.j.p.i.JtaPlatformInitiator       : HHH000490: Using JtaPlatform implementation: [org.hibernate.engine.transaction.jta.platform.internal.NoJtaPlatform]
2021-08-27 10:04:59.960  INFO 11586 --- [main] j.LocalContainerEntityManagerFactoryBean : Initialized JPA EntityManagerFactory for persistence unit 'default'
2021-08-27 10:05:01.108  WARN 11586 --- [main] JpaBaseConfiguration$JpaWebConfiguration : spring.jpa.open-in-view is enabled by default. Therefore, database queries may be performed during view rendering. Explicitly configure spring.jpa.open-in-view to disable this warning
2021-08-27 10:05:01.874  INFO 11586 --- [main] o.s.b.a.h2.H2ConsoleAutoConfiguration    : H2 console available at '/h2-console'. Database available at 'jdbc:h2:mem:testDB'
2021-08-27 10:05:02.934  INFO 11586 --- [main] o.s.b.a.e.web.EndpointLinksResolver      : Exposing 14 endpoint(s) beneath base path '/actuator'
2021-08-27 10:05:03.034  INFO 11586 --- [main] c.e.demo.MovieServiceApplicationTests    : Started MovieServiceApplicationTests in 11.033 seconds (JVM running for 14.348)
2021-08-27 10:05:03.668  INFO 11586 --- [SpringApplicationShutdownHook] j.LocalContainerEntityManagerFactoryBean : Closing JPA EntityManagerFactory for persistence unit 'default'
2021-08-27 10:05:03.671  INFO 11586 --- [SpringApplicationShutdownHook] .SchemaDropperImpl$DelayedDropActionImpl : HHH000477: Starting delayed evictData of schema as part of SessionFactory shut-down'
2021-08-27 10:05:03.704  INFO 11586 --- [SpringApplicationShutdownHook] com.zaxxer.hikari.HikariDataSource       : HikariPool-1 - Shutdown initiated...
2021-08-27 10:05:03.710  INFO 11586 --- [SpringApplicationShutdownHook] com.zaxxer.hikari.HikariDataSource       : HikariPool-1 - Shutdown completed.
2021-08-27 12:37:56.365  INFO 15021 --- [restartedMain] c.example.demo.MovieServiceApplication   : Starting MovieServiceApplication using Java 11.0.11 on nilay-ThinkPad-L560 with PID 15021 (/home/nilay/eclipse-workspace/movie-service/target/classes started by nilay in /home/nilay/eclipse-workspace/movie-service)
2021-08-27 12:37:56.368  INFO 15021 --- [restartedMain] c.example.demo.MovieServiceApplication   : No active profile set, falling back to default profiles: default
2021-08-27 12:37:56.432  INFO 15021 --- [restartedMain] .e.DevToolsPropertyDefaultsPostProcessor : Devtools property defaults active! Set 'spring.devtools.add-properties' to 'false' to disable
2021-08-27 12:37:56.433  INFO 15021 --- [restartedMain] .e.DevToolsPropertyDefaultsPostProcessor : For additional web related logging consider setting the 'logging.level.web' property to 'DEBUG'
2021-08-27 12:37:57.675  INFO 15021 --- [restartedMain] .s.d.r.c.RepositoryConfigurationDelegate : Bootstrapping Spring Data JPA repositories in DEFAULT mode.
2021-08-27 12:37:57.758  INFO 15021 --- [restartedMain] .s.d.r.c.RepositoryConfigurationDelegate : Finished Spring Data repository scanning in 69 ms. Found 1 JPA repository interfaces.
2021-08-27 12:37:58.533  INFO 15021 --- [restartedMain] o.s.b.w.embedded.tomcat.TomcatWebServer  : Tomcat initialized with port(s): 3000 (http)
2021-08-27 12:37:58.556  INFO 15021 --- [restartedMain] o.apache.catalina.core.StandardService   : Starting service [Tomcat]
2021-08-27 12:37:58.556  INFO 15021 --- [restartedMain] org.apache.catalina.core.StandardEngine  : Starting Servlet engine: [Apache Tomcat/9.0.52]
2021-08-27 12:37:58.636  INFO 15021 --- [restartedMain] o.a.c.c.C.[Tomcat].[localhost].[/]       : Initializing Spring embedded WebApplicationContext
2021-08-27 12:37:58.636  INFO 15021 --- [restartedMain] w.s.c.ServletWebServerApplicationContext : Root WebApplicationContext: initialization completed in 2202 ms
2021-08-27 12:37:58.768  INFO 15021 --- [restartedMain] com.zaxxer.hikari.HikariDataSource       : HikariPool-1 - Starting...
2021-08-27 12:37:58.969  INFO 15021 --- [restartedMain] com.zaxxer.hikari.HikariDataSource       : HikariPool-1 - Start completed.
2021-08-27 12:37:58.979  INFO 15021 --- [restartedMain] o.s.b.a.h2.H2ConsoleAutoConfiguration    : H2 console available at '/h2-console'. Database available at 'jdbc:h2:mem:testDB'
2021-08-27 12:37:59.167  INFO 15021 --- [restartedMain] o.hibernate.jpa.internal.util.LogHelper  : HHH000204: Processing PersistenceUnitInfo [name: default]
2021-08-27 12:37:59.220  INFO 15021 --- [restartedMain] org.hibernate.Version                    : HHH000412: Hibernate ORM core version 5.4.32.Final
2021-08-27 12:37:59.358  INFO 15021 --- [restartedMain] o.hibernate.annotations.common.Version   : HCANN000001: Hibernate Commons Annotations {5.1.2.Final}
2021-08-27 12:37:59.498  INFO 15021 --- [restartedMain] org.hibernate.dialect.Dialect            : HHH000400: Using dialect: org.hibernate.dialect.H2Dialect
2021-08-27 12:38:00.197  INFO 15021 --- [restartedMain] o.h.e.t.j.p.i.JtaPlatformInitiator       : HHH000490: Using JtaPlatform implementation: [org.hibernate.engine.transaction.jta.platform.internal.NoJtaPlatform]
2021-08-27 12:38:00.234  INFO 15021 --- [restartedMain] j.LocalContainerEntityManagerFactoryBean : Initialized JPA EntityManagerFactory for persistence unit 'default'
2021-08-27 12:38:00.703  WARN 15021 --- [restartedMain] JpaBaseConfiguration$JpaWebConfiguration : spring.jpa.open-in-view is enabled by default. Therefore, database queries may be performed during view rendering. Explicitly configure spring.jpa.open-in-view to disable this warning
2021-08-27 12:38:01.285  INFO 15021 --- [restartedMain] o.s.b.d.a.OptionalLiveReloadServer       : LiveReload server is running on port 35729
2021-08-27 12:38:01.292  INFO 15021 --- [restartedMain] o.s.b.a.e.web.EndpointLinksResolver      : Exposing 14 endpoint(s) beneath base path '/actuator'
2021-08-27 12:38:01.344  INFO 15021 --- [restartedMain] o.s.b.w.embedded.tomcat.TomcatWebServer  : Tomcat started on port(s): 3000 (http) with context path ''
2021-08-27 12:38:01.363  INFO 15021 --- [restartedMain] c.example.demo.MovieServiceApplication   : Started MovieServiceApplication in 5.481 seconds (JVM running for 6.468)
2021-08-27 12:38:04.033  INFO 15021 --- [RMI TCP Connection(3)-127.0.0.1] o.a.c.c.C.[Tomcat].[localhost].[/]       : Initializing Spring DispatcherServlet 'dispatcherServlet'
2021-08-27 12:38:04.034  INFO 15021 --- [RMI TCP Connection(3)-127.0.0.1] o.s.web.servlet.DispatcherServlet        : Initializing Servlet 'dispatcherServlet'
2021-08-27 12:38:04.036  INFO 15021 --- [RMI TCP Connection(3)-127.0.0.1] o.s.web.servlet.DispatcherServlet        : Completed initialization in 2 ms
